
*** Running vivado
    with args -log Encoder_bd_wrapper.vds -m64 -product Vivado -mode batch -messageDb vivado.pb -notrace -source Encoder_bd_wrapper.tcl


****** Vivado v2023.2 (64-bit)
  **** SW Build 4029153 on Fri Oct 13 20:13:54 MDT 2023
  **** IP Build 4028589 on Sat Oct 14 00:45:43 MDT 2023
  **** SharedData Build 4025554 on Tue Oct 10 17:18:54 MDT 2023
    ** Copyright 1986-2022 Xilinx, Inc. All Rights Reserved.
    ** Copyright 2022-2023 Advanced Micro Devices, Inc. All Rights Reserved.

source Encoder_bd_wrapper.tcl -notrace
create_project: Time (s): cpu = 00:00:06 ; elapsed = 00:00:06 . Memory (MB): peak = 1274.945 ; gain = 18.836 ; free physical = 5583 ; free virtual = 11849
Command: read_checkpoint -auto_incremental -incremental /home/jacob/Documents/Semester4/Semesterprojekt_4/FPGA_projekt/FPGA_projekt.srcs/utils_1/imports/synth_1/pwm_generator_wrapper.dcp
INFO: [Vivado 12-5825] Read reference checkpoint from /home/jacob/Documents/Semester4/Semesterprojekt_4/FPGA_projekt/FPGA_projekt.srcs/utils_1/imports/synth_1/pwm_generator_wrapper.dcp for incremental synthesis
INFO: [Vivado 12-7989] Please ensure there are no constraint changes
Command: synth_design -top Encoder_bd_wrapper -part xc7z020clg400-1
Starting synth_design
Attempting to get a license for feature 'Synthesis' and/or device 'xc7z020'
INFO: [Common 17-349] Got license for feature 'Synthesis' and/or device 'xc7z020'
INFO: [Device 21-403] Loading part xc7z020clg400-1
INFO: [Designutils 20-5440] No compile time benefit to using incremental synthesis; A full resynthesis will be run
INFO: [Designutils 20-4379] Flow is switching to default flow due to incremental criteria not met. If you would like to alter this behaviour and have the flow terminate instead, please set the following parameter config_implementation {autoIncr.Synth.RejectBehavior Terminate}
INFO: [Synth 8-7079] Multithreading enabled for synth_design using a maximum of 4 processes.
INFO: [Synth 8-7078] Launching helper process for spawning children vivado processes
INFO: [Synth 8-7075] Helper process launched with PID 29140
---------------------------------------------------------------------------------
Starting RTL Elaboration : Time (s): cpu = 00:00:03 ; elapsed = 00:00:03 . Memory (MB): peak = 2039.035 ; gain = 404.715 ; free physical = 4556 ; free virtual = 10821
---------------------------------------------------------------------------------
INFO: [Synth 8-638] synthesizing module 'Encoder_bd_wrapper' [/home/jacob/Documents/Semester4/Semesterprojekt_4/FPGA_projekt/FPGA_projekt.gen/sources_1/bd/Encoder_bd/hdl/Encoder_bd_wrapper.vhd:22]
INFO: [Synth 8-3491] module 'Encoder_bd' declared at '/home/jacob/Documents/Semester4/Semesterprojekt_4/FPGA_projekt/FPGA_projekt.gen/sources_1/bd/Encoder_bd/synth/Encoder_bd.vhd:15' bound to instance 'Encoder_bd_i' of component 'Encoder_bd' [/home/jacob/Documents/Semester4/Semesterprojekt_4/FPGA_projekt/FPGA_projekt.gen/sources_1/bd/Encoder_bd/hdl/Encoder_bd_wrapper.vhd:30]
INFO: [Synth 8-638] synthesizing module 'Encoder_bd' [/home/jacob/Documents/Semester4/Semesterprojekt_4/FPGA_projekt/FPGA_projekt.gen/sources_1/bd/Encoder_bd/synth/Encoder_bd.vhd:26]
INFO: [Synth 8-256] done synthesizing module 'Encoder_bd' (0#1) [/home/jacob/Documents/Semester4/Semesterprojekt_4/FPGA_projekt/FPGA_projekt.gen/sources_1/bd/Encoder_bd/synth/Encoder_bd.vhd:26]
INFO: [Synth 8-256] done synthesizing module 'Encoder_bd_wrapper' (0#1) [/home/jacob/Documents/Semester4/Semesterprojekt_4/FPGA_projekt/FPGA_projekt.gen/sources_1/bd/Encoder_bd/hdl/Encoder_bd_wrapper.vhd:22]
WARNING: [Synth 8-7129] Port led[3] in module Encoder_bd is either unconnected or has no load
WARNING: [Synth 8-7129] Port led[2] in module Encoder_bd is either unconnected or has no load
WARNING: [Synth 8-7129] Port led[1] in module Encoder_bd is either unconnected or has no load
---------------------------------------------------------------------------------
Finished RTL Elaboration : Time (s): cpu = 00:00:05 ; elapsed = 00:00:05 . Memory (MB): peak = 2114.004 ; gain = 479.684 ; free physical = 4459 ; free virtual = 10726
---------------------------------------------------------------------------------
---------------------------------------------------------------------------------
Start Handling Custom Attributes
---------------------------------------------------------------------------------
---------------------------------------------------------------------------------
Finished Handling Custom Attributes : Time (s): cpu = 00:00:05 ; elapsed = 00:00:05 . Memory (MB): peak = 2131.816 ; gain = 497.496 ; free physical = 4457 ; free virtual = 10723
---------------------------------------------------------------------------------
---------------------------------------------------------------------------------
Finished RTL Optimization Phase 1 : Time (s): cpu = 00:00:05 ; elapsed = 00:00:05 . Memory (MB): peak = 2131.816 ; gain = 497.496 ; free physical = 4457 ; free virtual = 10723
---------------------------------------------------------------------------------
Netlist sorting complete. Time (s): cpu = 00:00:00 ; elapsed = 00:00:00 . Memory (MB): peak = 2131.816 ; gain = 0.000 ; free physical = 4457 ; free virtual = 10723
INFO: [Project 1-570] Preparing netlist for logic optimization

Processing XDC Constraints
Initializing timing engine
Parsing XDC File [/home/jacob/Documents/Semester4/Semesterprojekt_4/FPGA_projekt/PYNQ-Z2_v1.0.xdc]
WARNING: [Vivado 12-584] No ports matched 'clk'. [/home/jacob/Documents/Semester4/Semesterprojekt_4/FPGA_projekt/PYNQ-Z2_v1.0.xdc:8]
CRITICAL WARNING: [Common 17-55] 'set_property' expects at least one object. [/home/jacob/Documents/Semester4/Semesterprojekt_4/FPGA_projekt/PYNQ-Z2_v1.0.xdc:8]
Resolution: If [get_<value>] was used to populate the object, check to make sure this command returns at least one valid object.
WARNING: [Vivado 12-584] No ports matched 'sysclk'. [/home/jacob/Documents/Semester4/Semesterprojekt_4/FPGA_projekt/PYNQ-Z2_v1.0.xdc:9]
CRITICAL WARNING: [Vivado 12-4739] create_clock:No valid object(s) found for '-objects [get_ports sysclk]'. [/home/jacob/Documents/Semester4/Semesterprojekt_4/FPGA_projekt/PYNQ-Z2_v1.0.xdc:9]
Resolution: Check if the specified object(s) exists in the current design. If it does, ensure that the correct design hierarchy was specified for the object. If you are working with clocks, make sure create_clock was used to create the clock object before it is referenced.
WARNING: [Vivado 12-584] No ports matched 'btn_1'. [/home/jacob/Documents/Semester4/Semesterprojekt_4/FPGA_projekt/PYNQ-Z2_v1.0.xdc:35]
CRITICAL WARNING: [Common 17-55] 'set_property' expects at least one object. [/home/jacob/Documents/Semester4/Semesterprojekt_4/FPGA_projekt/PYNQ-Z2_v1.0.xdc:35]
Resolution: If [get_<value>] was used to populate the object, check to make sure this command returns at least one valid object.
WARNING: [Vivado 12-584] No ports matched 'ja_0'. [/home/jacob/Documents/Semester4/Semesterprojekt_4/FPGA_projekt/PYNQ-Z2_v1.0.xdc:41]
CRITICAL WARNING: [Common 17-55] 'set_property' expects at least one object. [/home/jacob/Documents/Semester4/Semesterprojekt_4/FPGA_projekt/PYNQ-Z2_v1.0.xdc:41]
Resolution: If [get_<value>] was used to populate the object, check to make sure this command returns at least one valid object.
WARNING: [Vivado 12-584] No ports matched 'ja_1'. [/home/jacob/Documents/Semester4/Semesterprojekt_4/FPGA_projekt/PYNQ-Z2_v1.0.xdc:42]
CRITICAL WARNING: [Common 17-55] 'set_property' expects at least one object. [/home/jacob/Documents/Semester4/Semesterprojekt_4/FPGA_projekt/PYNQ-Z2_v1.0.xdc:42]
Resolution: If [get_<value>] was used to populate the object, check to make sure this command returns at least one valid object.
WARNING: [Vivado 12-584] No ports matched 'ja_2'. [/home/jacob/Documents/Semester4/Semesterprojekt_4/FPGA_projekt/PYNQ-Z2_v1.0.xdc:43]
CRITICAL WARNING: [Common 17-55] 'set_property' expects at least one object. [/home/jacob/Documents/Semester4/Semesterprojekt_4/FPGA_projekt/PYNQ-Z2_v1.0.xdc:43]
Resolution: If [get_<value>] was used to populate the object, check to make sure this command returns at least one valid object.
WARNING: [Vivado 12-584] No ports matched 'ja_3'. [/home/jacob/Documents/Semester4/Semesterprojekt_4/FPGA_projekt/PYNQ-Z2_v1.0.xdc:44]
CRITICAL WARNING: [Common 17-55] 'set_property' expects at least one object. [/home/jacob/Documents/Semester4/Semesterprojekt_4/FPGA_projekt/PYNQ-Z2_v1.0.xdc:44]
Resolution: If [get_<value>] was used to populate the object, check to make sure this command returns at least one valid object.
WARNING: [Vivado 12-584] No ports matched 'ja_4'. [/home/jacob/Documents/Semester4/Semesterprojekt_4/FPGA_projekt/PYNQ-Z2_v1.0.xdc:45]
CRITICAL WARNING: [Common 17-55] 'set_property' expects at least one object. [/home/jacob/Documents/Semester4/Semesterprojekt_4/FPGA_projekt/PYNQ-Z2_v1.0.xdc:45]
Resolution: If [get_<value>] was used to populate the object, check to make sure this command returns at least one valid object.
WARNING: [Vivado 12-584] No ports matched 'ja_5'. [/home/jacob/Documents/Semester4/Semesterprojekt_4/FPGA_projekt/PYNQ-Z2_v1.0.xdc:46]
CRITICAL WARNING: [Common 17-55] 'set_property' expects at least one object. [/home/jacob/Documents/Semester4/Semesterprojekt_4/FPGA_projekt/PYNQ-Z2_v1.0.xdc:46]
Resolution: If [get_<value>] was used to populate the object, check to make sure this command returns at least one valid object.
WARNING: [Vivado 12-584] No ports matched 'ja_6'. [/home/jacob/Documents/Semester4/Semesterprojekt_4/FPGA_projekt/PYNQ-Z2_v1.0.xdc:47]
CRITICAL WARNING: [Common 17-55] 'set_property' expects at least one object. [/home/jacob/Documents/Semester4/Semesterprojekt_4/FPGA_projekt/PYNQ-Z2_v1.0.xdc:47]
Resolution: If [get_<value>] was used to populate the object, check to make sure this command returns at least one valid object.
WARNING: [Vivado 12-584] No ports matched 'ja_7'. [/home/jacob/Documents/Semester4/Semesterprojekt_4/FPGA_projekt/PYNQ-Z2_v1.0.xdc:48]
CRITICAL WARNING: [Common 17-55] 'set_property' expects at least one object. [/home/jacob/Documents/Semester4/Semesterprojekt_4/FPGA_projekt/PYNQ-Z2_v1.0.xdc:48]
Resolution: If [get_<value>] was used to populate the object, check to make sure this command returns at least one valid object.
Finished Parsing XDC File [/home/jacob/Documents/Semester4/Semesterprojekt_4/FPGA_projekt/PYNQ-Z2_v1.0.xdc]
INFO: [Project 1-236] Implementation specific constraints were found while reading constraint file [/home/jacob/Documents/Semester4/Semesterprojekt_4/FPGA_projekt/PYNQ-Z2_v1.0.xdc]. These constraints will be ignored for synthesis but will be used in implementation. Impacted constraints are listed in the file [.Xil/Encoder_bd_wrapper_propImpl.xdc].
Resolution: To avoid this warning, move constraints listed in [.Xil/Encoder_bd_wrapper_propImpl.xdc] to another XDC file and exclude this new file from synthesis with the used_in_synthesis property (File Properties dialog in GUI) and re-run elaboration/synthesis.
Parsing XDC File [/home/jacob/Documents/Semester4/Semesterprojekt_4/FPGA_projekt/FPGA_projekt.runs/synth_1/dont_touch.xdc]
Finished Parsing XDC File [/home/jacob/Documents/Semester4/Semesterprojekt_4/FPGA_projekt/FPGA_projekt.runs/synth_1/dont_touch.xdc]
Completed Processing XDC Constraints

Netlist sorting complete. Time (s): cpu = 00:00:00 ; elapsed = 00:00:00 . Memory (MB): peak = 2204.754 ; gain = 0.000 ; free physical = 4449 ; free virtual = 10715
INFO: [Project 1-111] Unisim Transformation Summary:
No Unisim elements were transformed.

Constraint Validation Runtime : Time (s): cpu = 00:00:00 ; elapsed = 00:00:00 . Memory (MB): peak = 2204.789 ; gain = 0.000 ; free physical = 4449 ; free virtual = 10715
INFO: [Designutils 20-5440] No compile time benefit to using incremental synthesis; A full resynthesis will be run
INFO: [Designutils 20-4379] Flow is switching to default flow due to incremental criteria not met. If you would like to alter this behaviour and have the flow terminate instead, please set the following parameter config_implementation {autoIncr.Synth.RejectBehavior Terminate}
---------------------------------------------------------------------------------
Finished Constraint Validation : Time (s): cpu = 00:00:10 ; elapsed = 00:00:10 . Memory (MB): peak = 2204.789 ; gain = 570.469 ; free physical = 4453 ; free virtual = 10719
---------------------------------------------------------------------------------
---------------------------------------------------------------------------------
Start Loading Part and Timing Information
---------------------------------------------------------------------------------
Loading part: xc7z020clg400-1
---------------------------------------------------------------------------------
Finished Loading Part and Timing Information : Time (s): cpu = 00:00:10 ; elapsed = 00:00:10 . Memory (MB): peak = 2204.789 ; gain = 570.469 ; free physical = 4453 ; free virtual = 10719
---------------------------------------------------------------------------------
---------------------------------------------------------------------------------
Start Applying 'set_property' XDC Constraints
---------------------------------------------------------------------------------
Applied set_property KEEP_HIERARCHY = SOFT for Encoder_bd_i. (constraint file  auto generated constraint).
---------------------------------------------------------------------------------
Finished applying 'set_property' XDC Constraints : Time (s): cpu = 00:00:10 ; elapsed = 00:00:10 . Memory (MB): peak = 2204.789 ; gain = 570.469 ; free physical = 4453 ; free virtual = 10719
---------------------------------------------------------------------------------
---------------------------------------------------------------------------------
Finished RTL Optimization Phase 2 : Time (s): cpu = 00:00:10 ; elapsed = 00:00:10 . Memory (MB): peak = 2204.789 ; gain = 570.469 ; free physical = 4451 ; free virtual = 10718
---------------------------------------------------------------------------------
---------------------------------------------------------------------------------
Start RTL Component Statistics 
---------------------------------------------------------------------------------
Detailed RTL Component Info : 
---------------------------------------------------------------------------------
Finished RTL Component Statistics 
---------------------------------------------------------------------------------
---------------------------------------------------------------------------------
Start Part Resource Summary
---------------------------------------------------------------------------------
Part Resources:
DSPs: 220 (col length:60)
BRAMs: 280 (col length: RAMB18 60 RAMB36 30)
---------------------------------------------------------------------------------
Finished Part Resource Summary
---------------------------------------------------------------------------------
---------------------------------------------------------------------------------
Start Cross Boundary and Area Optimization
---------------------------------------------------------------------------------
WARNING: [Synth 8-7080] Parallel synthesis criteria is not met
WARNING: [Synth 8-7129] Port led[3] in module Encoder_bd is either unconnected or has no load
WARNING: [Synth 8-7129] Port led[2] in module Encoder_bd is either unconnected or has no load
WARNING: [Synth 8-7129] Port led[1] in module Encoder_bd is either unconnected or has no load
---------------------------------------------------------------------------------
Finished Cross Boundary and Area Optimization : Time (s): cpu = 00:00:11 ; elapsed = 00:00:11 . Memory (MB): peak = 2204.789 ; gain = 570.469 ; free physical = 4449 ; free virtual = 10720
---------------------------------------------------------------------------------
---------------------------------------------------------------------------------
Start Applying XDC Timing Constraints
---------------------------------------------------------------------------------
---------------------------------------------------------------------------------
Finished Applying XDC Timing Constraints : Time (s): cpu = 00:00:15 ; elapsed = 00:00:15 . Memory (MB): peak = 2204.789 ; gain = 570.469 ; free physical = 4448 ; free virtual = 10719
---------------------------------------------------------------------------------
---------------------------------------------------------------------------------
Start Timing Optimization
---------------------------------------------------------------------------------
---------------------------------------------------------------------------------
Finished Timing Optimization : Time (s): cpu = 00:00:15 ; elapsed = 00:00:15 . Memory (MB): peak = 2204.789 ; gain = 570.469 ; free physical = 4448 ; free virtual = 10719
---------------------------------------------------------------------------------
---------------------------------------------------------------------------------
Start Technology Mapping
---------------------------------------------------------------------------------
---------------------------------------------------------------------------------
Finished Technology Mapping : Time (s): cpu = 00:00:15 ; elapsed = 00:00:15 . Memory (MB): peak = 2204.789 ; gain = 570.469 ; free physical = 4448 ; free virtual = 10719
---------------------------------------------------------------------------------
---------------------------------------------------------------------------------
Start IO Insertion
---------------------------------------------------------------------------------
---------------------------------------------------------------------------------
Start Flattening Before IO Insertion
---------------------------------------------------------------------------------
---------------------------------------------------------------------------------
Finished Flattening Before IO Insertion
---------------------------------------------------------------------------------
---------------------------------------------------------------------------------
Start Final Netlist Cleanup
---------------------------------------------------------------------------------
---------------------------------------------------------------------------------
Finished Final Netlist Cleanup
---------------------------------------------------------------------------------
---------------------------------------------------------------------------------
Finished IO Insertion : Time (s): cpu = 00:00:18 ; elapsed = 00:00:18 . Memory (MB): peak = 2204.789 ; gain = 570.469 ; free physical = 4448 ; free virtual = 10719
---------------------------------------------------------------------------------
---------------------------------------------------------------------------------
Start Renaming Generated Instances
---------------------------------------------------------------------------------
---------------------------------------------------------------------------------
Finished Renaming Generated Instances : Time (s): cpu = 00:00:18 ; elapsed = 00:00:18 . Memory (MB): peak = 2204.789 ; gain = 570.469 ; free physical = 4448 ; free virtual = 10719
---------------------------------------------------------------------------------
---------------------------------------------------------------------------------
Start Rebuilding User Hierarchy
---------------------------------------------------------------------------------
---------------------------------------------------------------------------------
Finished Rebuilding User Hierarchy : Time (s): cpu = 00:00:18 ; elapsed = 00:00:18 . Memory (MB): peak = 2204.789 ; gain = 570.469 ; free physical = 4448 ; free virtual = 10719
---------------------------------------------------------------------------------
---------------------------------------------------------------------------------
Start Renaming Generated Ports
---------------------------------------------------------------------------------
---------------------------------------------------------------------------------
Finished Renaming Generated Ports : Time (s): cpu = 00:00:18 ; elapsed = 00:00:18 . Memory (MB): peak = 2204.789 ; gain = 570.469 ; free physical = 4448 ; free virtual = 10719
---------------------------------------------------------------------------------
---------------------------------------------------------------------------------
Start Handling Custom Attributes
---------------------------------------------------------------------------------
---------------------------------------------------------------------------------
Finished Handling Custom Attributes : Time (s): cpu = 00:00:18 ; elapsed = 00:00:18 . Memory (MB): peak = 2204.789 ; gain = 570.469 ; free physical = 4448 ; free virtual = 10719
---------------------------------------------------------------------------------
---------------------------------------------------------------------------------
Start Renaming Generated Nets
---------------------------------------------------------------------------------
---------------------------------------------------------------------------------
Finished Renaming Generated Nets : Time (s): cpu = 00:00:18 ; elapsed = 00:00:18 . Memory (MB): peak = 2204.789 ; gain = 570.469 ; free physical = 4448 ; free virtual = 10719
---------------------------------------------------------------------------------
---------------------------------------------------------------------------------
Start Writing Synthesis Report
---------------------------------------------------------------------------------

Report BlackBoxes: 
+-+--------------+----------+
| |BlackBox name |Instances |
+-+--------------+----------+
+-+--------------+----------+

Report Cell Usage: 
+------+------+------+
|      |Cell  |Count |
+------+------+------+
|1     |IBUF  |     1|
|2     |OBUF  |     1|
|3     |OBUFT |     3|
+------+------+------+
---------------------------------------------------------------------------------
Finished Writing Synthesis Report : Time (s): cpu = 00:00:18 ; elapsed = 00:00:18 . Memory (MB): peak = 2204.789 ; gain = 570.469 ; free physical = 4448 ; free virtual = 10719
---------------------------------------------------------------------------------
Synthesis finished with 0 errors, 0 critical warnings and 4 warnings.
Synthesis Optimization Runtime : Time (s): cpu = 00:00:17 ; elapsed = 00:00:17 . Memory (MB): peak = 2204.789 ; gain = 497.496 ; free physical = 4448 ; free virtual = 10719
Synthesis Optimization Complete : Time (s): cpu = 00:00:18 ; elapsed = 00:00:18 . Memory (MB): peak = 2204.789 ; gain = 570.469 ; free physical = 4448 ; free virtual = 10719
INFO: [Project 1-571] Translating synthesized netlist
Netlist sorting complete. Time (s): cpu = 00:00:00 ; elapsed = 00:00:00 . Memory (MB): peak = 2204.789 ; gain = 0.000 ; free physical = 4448 ; free virtual = 10719
INFO: [Project 1-570] Preparing netlist for logic optimization
INFO: [Opt 31-138] Pushed 0 inverter(s) to 0 load pin(s).
Netlist sorting complete. Time (s): cpu = 00:00:00 ; elapsed = 00:00:00 . Memory (MB): peak = 2204.789 ; gain = 0.000 ; free physical = 4738 ; free virtual = 11008
INFO: [Project 1-111] Unisim Transformation Summary:
No Unisim elements were transformed.

Synth Design complete | Checksum: 72cb6239
INFO: [Common 17-83] Releasing license: Synthesis
24 Infos, 18 Warnings, 11 Critical Warnings and 0 Errors encountered.
synth_design completed successfully
synth_design: Time (s): cpu = 00:00:24 ; elapsed = 00:00:22 . Memory (MB): peak = 2204.789 ; gain = 923.906 ; free physical = 4738 ; free virtual = 11008
INFO: [Common 17-2834] synth_design peak Physical Memory [PSS] (MB): overall = 1795.845; main = 1467.538; forked = 374.403
INFO: [Common 17-2834] synth_design peak Virtual Memory [VSS] (MB): overall = 3163.391; main = 2172.742; forked = 990.648
INFO: [runtcl-6] Synthesis results are not added to the cache due to CRITICAL_WARNING
Write ShapeDB Complete: Time (s): cpu = 00:00:00 ; elapsed = 00:00:00 . Memory (MB): peak = 2204.789 ; gain = 0.000 ; free physical = 4738 ; free virtual = 11008
INFO: [Common 17-1381] The checkpoint '/home/jacob/Documents/Semester4/Semesterprojekt_4/FPGA_projekt/FPGA_projekt.runs/synth_1/Encoder_bd_wrapper.dcp' has been generated.
INFO: [runtcl-4] Executing : report_utilization -file Encoder_bd_wrapper_utilization_synth.rpt -pb Encoder_bd_wrapper_utilization_synth.pb
INFO: [Common 17-206] Exiting Vivado at Wed Apr  3 11:44:00 2024...
