Vivado Simulator v2023.2
Copyright 1986-2022 Xilinx, Inc. All Rights Reserved.
Copyright 2022-2023 Advanced Micro Devices, Inc. All Rights Reserved.
Running: C:/Xilinx/Vivado/2023.2/bin/unwrapped/win64.o/xelab.exe --incr --debug typical --relax --mt 2 -L xil_defaultlib -L secureip -L xpm --snapshot pwm_generator_wrapper_behav xil_defaultlib.pwm_generator_wrapper -log elaborate.log 
Using 2 slave threads.
Starting static elaboration
Completed static elaboration
Starting simulation data flow analysis
Completed simulation data flow analysis
Time Resolution for simulation is 1ps
Compiling package std.standard
Compiling package std.textio
Compiling package ieee.std_logic_1164
Compiling package ieee.numeric_std
Compiling package unisim.vcomponents
Compiling architecture behavioral of entity xil_defaultlib.counter [counter_default]
Compiling architecture pwm_generator_counter_0_0_arch of entity xil_defaultlib.pwm_generator_counter_0_0 [pwm_generator_counter_0_0_defaul...]
Compiling architecture behavioral of entity xil_defaultlib.pwm_gen [pwm_gen_default]
Compiling architecture pwm_generator_pwm_gen_0_0_arch of entity xil_defaultlib.pwm_generator_pwm_gen_0_0 [pwm_generator_pwm_gen_0_0_defaul...]
Compiling architecture structure of entity xil_defaultlib.pwm_generator [pwm_generator_default]
Compiling architecture structure of entity xil_defaultlib.pwm_generator_wrapper
Built simulation snapshot pwm_generator_wrapper_behav
