Copyright 1986-2022 Xilinx, Inc. All Rights Reserved. Copyright 2022-2023 Advanced Micro Devices, Inc. All Rights Reserved.
------------------------------------------------------------------------------------------------------------------------------------------------------------------------------------------------------------------------------------------
| Tool Version : Vivado v.2023.2 (lin64) Build 4029153 Fri Oct 13 20:13:54 MDT 2023
| Date         : Wed May 29 15:13:06 2024
| Host         : Laptop running 64-bit Ubuntu 22.04.4 LTS
| Command      : report_timing_summary -max_paths 10 -report_unconstrained -file buildup_wrapper_timing_summary_routed.rpt -pb buildup_wrapper_timing_summary_routed.pb -rpx buildup_wrapper_timing_summary_routed.rpx -warn_on_violation
| Design       : buildup_wrapper
| Device       : 7z020-clg400
| Speed File   : -1  PRODUCTION 1.12 2019-11-22
| Design State : Routed
------------------------------------------------------------------------------------------------------------------------------------------------------------------------------------------------------------------------------------------

Timing Summary Report

------------------------------------------------------------------------------------------------
| Timer Settings
| --------------
------------------------------------------------------------------------------------------------

  Enable Multi Corner Analysis               :  Yes
  Enable Pessimism Removal                   :  Yes
  Pessimism Removal Resolution               :  Nearest Common Node
  Enable Input Delay Default Clock           :  No
  Enable Preset / Clear Arcs                 :  No
  Disable Flight Delays                      :  No
  Ignore I/O Paths                           :  No
  Timing Early Launch at Borrowing Latches   :  No
  Borrow Time for Max Delay Exceptions       :  Yes
  Merge Timing Exceptions                    :  Yes
  Inter-SLR Compensation                     :  Conservative

  Corner  Analyze    Analyze    
  Name    Max Paths  Min Paths  
  ------  ---------  ---------  
  Slow    Yes        Yes        
  Fast    Yes        Yes        


------------------------------------------------------------------------------------------------
| Report Methodology
| ------------------
------------------------------------------------------------------------------------------------

Rule       Severity          Description                     Violations  
---------  ----------------  ------------------------------  ----------  
TIMING-17  Critical Warning  Non-clocked sequential cell     135         
TIMING-20  Warning           Non-clocked latch               24          
LATCH-1    Advisory          Existing latches in the design  1           

Note: This report is based on the most recent report_methodology run and may not be up-to-date. Run report_methodology on the current design for the latest report.



check_timing report

Table of Contents
-----------------
1. checking no_clock (180)
2. checking constant_clock (0)
3. checking pulse_width_clock (0)
4. checking unconstrained_internal_endpoints (306)
5. checking no_input_delay (10)
6. checking no_output_delay (9)
7. checking multiple_clock (0)
8. checking generated_clocks (0)
9. checking loops (0)
10. checking partial_input_delay (0)
11. checking partial_output_delay (0)
12. checking latch_loops (0)

1. checking no_clock (180)
--------------------------
 There are 127 register/latch pins with no clock driven by root clock pin: clk (HIGH)

 There are 8 register/latch pins with no clock driven by root clock pin: buildup_i/clock_divider_0/U0/clk_div_reg/Q (HIGH)

 There are 6 register/latch pins with no clock driven by root clock pin: buildup_i/spi_sub_0/U0/FSM_onehot_current_state_reg[0]/Q (HIGH)

 There are 6 register/latch pins with no clock driven by root clock pin: buildup_i/spi_sub_0/U0/FSM_onehot_current_state_reg[1]/Q (HIGH)

 There are 5 register/latch pins with no clock driven by root clock pin: buildup_i/spi_sub_0/U0/FSM_onehot_current_state_reg[2]/Q (HIGH)

 There are 23 register/latch pins with no clock driven by root clock pin: buildup_i/spi_sub_0/U0/FSM_onehot_current_state_reg[3]/Q (HIGH)

 There are 5 register/latch pins with no clock driven by root clock pin: buildup_i/spi_sub_0/U0/FSM_onehot_current_state_reg[4]/Q (HIGH)


2. checking constant_clock (0)
------------------------------
 There are 0 register/latch pins with constant_clock.


3. checking pulse_width_clock (0)
---------------------------------
 There are 0 register/latch pins which need pulse_width check


4. checking unconstrained_internal_endpoints (306)
--------------------------------------------------
 There are 306 pins that are not constrained for maximum delay. (HIGH)

 There are 0 pins that are not constrained for maximum delay due to constant clock.


5. checking no_input_delay (10)
-------------------------------
 There are 10 input ports with no input delay specified. (HIGH)

 There are 0 input ports with no input delay but user has a false path constraint.


6. checking no_output_delay (9)
-------------------------------
 There are 9 ports with no output delay specified. (HIGH)

 There are 0 ports with no output delay but user has a false path constraint

 There are 0 ports with no output delay but with a timing clock defined on it or propagating through it


7. checking multiple_clock (0)
------------------------------
 There are 0 register/latch pins with multiple clocks.


8. checking generated_clocks (0)
--------------------------------
 There are 0 generated clocks that are not connected to a clock source.


9. checking loops (0)
---------------------
 There are 0 combinational loops in the design.


10. checking partial_input_delay (0)
------------------------------------
 There are 0 input ports with partial input delay specified.


11. checking partial_output_delay (0)
-------------------------------------
 There are 0 ports with partial output delay specified.


12. checking latch_loops (0)
----------------------------
 There are 0 combinational latch loops in the design through latch input



------------------------------------------------------------------------------------------------
| Design Timing Summary
| ---------------------
------------------------------------------------------------------------------------------------

    WNS(ns)      TNS(ns)  TNS Failing Endpoints  TNS Total Endpoints      WHS(ns)      THS(ns)  THS Failing Endpoints  THS Total Endpoints     WPWS(ns)     TPWS(ns)  TPWS Failing Endpoints  TPWS Total Endpoints  
    -------      -------  ---------------------  -------------------      -------      -------  ---------------------  -------------------     --------     --------  ----------------------  --------------------  
        inf        0.000                      0                  315          inf        0.000                      0                  315           NA           NA                      NA                    NA  


There are no user specified timing constraints.


------------------------------------------------------------------------------------------------
| Clock Summary
| -------------
------------------------------------------------------------------------------------------------


------------------------------------------------------------------------------------------------
| Intra Clock Table
| -----------------
------------------------------------------------------------------------------------------------

Clock             WNS(ns)      TNS(ns)  TNS Failing Endpoints  TNS Total Endpoints      WHS(ns)      THS(ns)  THS Failing Endpoints  THS Total Endpoints     WPWS(ns)     TPWS(ns)  TPWS Failing Endpoints  TPWS Total Endpoints  
-----             -------      -------  ---------------------  -------------------      -------      -------  ---------------------  -------------------     --------     --------  ----------------------  --------------------  


------------------------------------------------------------------------------------------------
| Inter Clock Table
| -----------------
------------------------------------------------------------------------------------------------

From Clock    To Clock          WNS(ns)      TNS(ns)  TNS Failing Endpoints  TNS Total Endpoints      WHS(ns)      THS(ns)  THS Failing Endpoints  THS Total Endpoints  
----------    --------          -------      -------  ---------------------  -------------------      -------      -------  ---------------------  -------------------  


------------------------------------------------------------------------------------------------
| Other Path Groups Table
| -----------------------
------------------------------------------------------------------------------------------------

Path Group    From Clock    To Clock          WNS(ns)      TNS(ns)  TNS Failing Endpoints  TNS Total Endpoints      WHS(ns)      THS(ns)  THS Failing Endpoints  THS Total Endpoints  
----------    ----------    --------          -------      -------  ---------------------  -------------------      -------      -------  ---------------------  -------------------  


------------------------------------------------------------------------------------------------
| User Ignored Path Table
| -----------------------
------------------------------------------------------------------------------------------------

Path Group    From Clock    To Clock    
----------    ----------    --------    


------------------------------------------------------------------------------------------------
| Unconstrained Path Table
| ------------------------
------------------------------------------------------------------------------------------------

Path Group    From Clock    To Clock    
----------    ----------    --------    
(none)                                    


------------------------------------------------------------------------------------------------
| Timing Details
| --------------
------------------------------------------------------------------------------------------------


--------------------------------------------------------------------------------------
Path Group:  (none)
From Clock:  
  To Clock:  

Max Delay           315 Endpoints
Min Delay           315 Endpoints
--------------------------------------------------------------------------------------


Max Delay Paths
--------------------------------------------------------------------------------------
Slack:                    inf
  Source:                 buildup_i/counter_1/U0/cnt_int_reg[4]/C
                            (rising edge-triggered cell FDCE)
  Destination:            pwm_pan_ccw
                            (output port)
  Path Group:             (none)
  Path Type:              Max at Slow Process Corner
  Data Path Delay:        9.424ns  (logic 4.855ns (51.513%)  route 4.569ns (48.487%))
  Logic Levels:           5  (CARRY4=1 FDCE=1 LUT2=1 LUT4=1 OBUF=1)

    Location             Delay type                Incr(ns)  Path(ns)    Netlist Resource(s)
  -------------------------------------------------------------------    -------------------
    SLICE_X108Y87        FDCE                         0.000     0.000 r  buildup_i/counter_1/U0/cnt_int_reg[4]/C
    SLICE_X108Y87        FDCE (Prop_fdce_C_Q)         0.478     0.478 r  buildup_i/counter_1/U0/cnt_int_reg[4]/Q
                         net (fo=7, routed)           0.998     1.476    buildup_i/pwm_pan/U0/cnt[4]
    SLICE_X109Y88        LUT4 (Prop_lut4_I1_O)        0.301     1.777 r  buildup_i/pwm_pan/U0/pwm_INST_0_i_6/O
                         net (fo=1, routed)           0.000     1.777    buildup_i/pwm_pan/U0/pwm_INST_0_i_6_n_0
    SLICE_X109Y88        CARRY4 (Prop_carry4_S[2]_CO[3])
                                                      0.398     2.175 r  buildup_i/pwm_pan/U0/pwm_INST_0/CO[3]
                         net (fo=2, routed)           1.410     3.584    buildup_i/AND_gate_1/A
    SLICE_X112Y78        LUT2 (Prop_lut2_I0_O)        0.124     3.708 r  buildup_i/AND_gate_1/C_INST_0/O
                         net (fo=1, routed)           2.162     5.870    pwm_pan_ccw_OBUF
    W16                  OBUF (Prop_obuf_I_O)         3.554     9.424 r  pwm_pan_ccw_OBUF_inst/O
                         net (fo=0)                   0.000     9.424    pwm_pan_ccw
    W16                                                               r  pwm_pan_ccw (OUT)
  -------------------------------------------------------------------    -------------------

Slack:                    inf
  Source:                 buildup_i/counter_1/U0/cnt_int_reg[4]/C
                            (rising edge-triggered cell FDCE)
  Destination:            pwm_pan_cw
                            (output port)
  Path Group:             (none)
  Path Type:              Max at Slow Process Corner
  Data Path Delay:        9.406ns  (logic 4.854ns (51.606%)  route 4.552ns (48.394%))
  Logic Levels:           5  (CARRY4=1 FDCE=1 LUT2=1 LUT4=1 OBUF=1)

    Location             Delay type                Incr(ns)  Path(ns)    Netlist Resource(s)
  -------------------------------------------------------------------    -------------------
    SLICE_X108Y87        FDCE                         0.000     0.000 r  buildup_i/counter_1/U0/cnt_int_reg[4]/C
    SLICE_X108Y87        FDCE (Prop_fdce_C_Q)         0.478     0.478 r  buildup_i/counter_1/U0/cnt_int_reg[4]/Q
                         net (fo=7, routed)           0.998     1.476    buildup_i/pwm_pan/U0/cnt[4]
    SLICE_X109Y88        LUT4 (Prop_lut4_I1_O)        0.301     1.777 r  buildup_i/pwm_pan/U0/pwm_INST_0_i_6/O
                         net (fo=1, routed)           0.000     1.777    buildup_i/pwm_pan/U0/pwm_INST_0_i_6_n_0
    SLICE_X109Y88        CARRY4 (Prop_carry4_S[2]_CO[3])
                                                      0.398     2.175 r  buildup_i/pwm_pan/U0/pwm_INST_0/CO[3]
                         net (fo=2, routed)           1.413     3.587    buildup_i/AND_gate_0/A
    SLICE_X112Y78        LUT2 (Prop_lut2_I0_O)        0.124     3.711 r  buildup_i/AND_gate_0/C_INST_0/O
                         net (fo=1, routed)           2.142     5.853    pwm_pan_cw_OBUF
    V16                  OBUF (Prop_obuf_I_O)         3.553     9.406 r  pwm_pan_cw_OBUF_inst/O
                         net (fo=0)                   0.000     9.406    pwm_pan_cw
    V16                                                               r  pwm_pan_cw (OUT)
  -------------------------------------------------------------------    -------------------

Slack:                    inf
  Source:                 buildup_i/counter_1/U0/cnt_int_reg[4]/C
                            (rising edge-triggered cell FDCE)
  Destination:            pwm_tilt_ccw
                            (output port)
  Path Group:             (none)
  Path Type:              Max at Slow Process Corner
  Data Path Delay:        9.054ns  (logic 4.869ns (53.780%)  route 4.185ns (46.220%))
  Logic Levels:           5  (CARRY4=1 FDCE=1 LUT2=1 LUT4=1 OBUF=1)

    Location             Delay type                Incr(ns)  Path(ns)    Netlist Resource(s)
  -------------------------------------------------------------------    -------------------
    SLICE_X108Y87        FDCE                         0.000     0.000 r  buildup_i/counter_1/U0/cnt_int_reg[4]/C
    SLICE_X108Y87        FDCE (Prop_fdce_C_Q)         0.478     0.478 r  buildup_i/counter_1/U0/cnt_int_reg[4]/Q
                         net (fo=7, routed)           1.016     1.494    buildup_i/pwm_tilt/U0/cnt[4]
    SLICE_X108Y88        LUT4 (Prop_lut4_I1_O)        0.301     1.795 r  buildup_i/pwm_tilt/U0/pwm_INST_0_i_6/O
                         net (fo=1, routed)           0.000     1.795    buildup_i/pwm_tilt/U0/pwm_INST_0_i_6_n_0
    SLICE_X108Y88        CARRY4 (Prop_carry4_S[2]_CO[3])
                                                      0.380     2.175 r  buildup_i/pwm_tilt/U0/pwm_INST_0/CO[3]
                         net (fo=2, routed)           1.332     3.507    buildup_i/AND_gate_3/A
    SLICE_X110Y89        LUT2 (Prop_lut2_I0_O)        0.124     3.631 r  buildup_i/AND_gate_3/C_INST_0/O
                         net (fo=1, routed)           1.837     5.468    pwm_tilt_ccw_OBUF
    W13                  OBUF (Prop_obuf_I_O)         3.586     9.054 r  pwm_tilt_ccw_OBUF_inst/O
                         net (fo=0)                   0.000     9.054    pwm_tilt_ccw
    W13                                                               r  pwm_tilt_ccw (OUT)
  -------------------------------------------------------------------    -------------------

Slack:                    inf
  Source:                 buildup_i/counter_1/U0/cnt_int_reg[4]/C
                            (rising edge-triggered cell FDCE)
  Destination:            pwm_tilt_cw
                            (output port)
  Path Group:             (none)
  Path Type:              Max at Slow Process Corner
  Data Path Delay:        8.751ns  (logic 4.884ns (55.810%)  route 3.867ns (44.190%))
  Logic Levels:           5  (CARRY4=1 FDCE=1 LUT2=1 LUT4=1 OBUF=1)

    Location             Delay type                Incr(ns)  Path(ns)    Netlist Resource(s)
  -------------------------------------------------------------------    -------------------
    SLICE_X108Y87        FDCE                         0.000     0.000 r  buildup_i/counter_1/U0/cnt_int_reg[4]/C
    SLICE_X108Y87        FDCE (Prop_fdce_C_Q)         0.478     0.478 r  buildup_i/counter_1/U0/cnt_int_reg[4]/Q
                         net (fo=7, routed)           1.016     1.494    buildup_i/pwm_tilt/U0/cnt[4]
    SLICE_X108Y88        LUT4 (Prop_lut4_I1_O)        0.301     1.795 r  buildup_i/pwm_tilt/U0/pwm_INST_0_i_6/O
                         net (fo=1, routed)           0.000     1.795    buildup_i/pwm_tilt/U0/pwm_INST_0_i_6_n_0
    SLICE_X108Y88        CARRY4 (Prop_carry4_S[2]_CO[3])
                                                      0.380     2.175 r  buildup_i/pwm_tilt/U0/pwm_INST_0/CO[3]
                         net (fo=2, routed)           1.132     3.307    buildup_i/AND_gate_2/A
    SLICE_X110Y89        LUT2 (Prop_lut2_I0_O)        0.124     3.431 r  buildup_i/AND_gate_2/C_INST_0/O
                         net (fo=1, routed)           1.720     5.150    pwm_tilt_cw_OBUF
    V12                  OBUF (Prop_obuf_I_O)         3.601     8.751 r  pwm_tilt_cw_OBUF_inst/O
                         net (fo=0)                   0.000     8.751    pwm_tilt_cw
    V12                                                               r  pwm_tilt_cw (OUT)
  -------------------------------------------------------------------    -------------------

Slack:                    inf
  Source:                 buildup_i/block_encoder_tilt/U0/up_down_counter_0/U0/int_cnt_reg[2]/C
                            (rising edge-triggered cell FDCE)
  Destination:            led[2]
                            (output port)
  Path Group:             (none)
  Path Type:              Max at Slow Process Corner
  Data Path Delay:        6.387ns  (logic 4.221ns (66.089%)  route 2.166ns (33.911%))
  Logic Levels:           2  (FDCE=1 OBUF=1)

    Location             Delay type                Incr(ns)  Path(ns)    Netlist Resource(s)
  -------------------------------------------------------------------    -------------------
    SLICE_X112Y90        FDCE                         0.000     0.000 r  buildup_i/block_encoder_tilt/U0/up_down_counter_0/U0/int_cnt_reg[2]/C
    SLICE_X112Y90        FDCE (Prop_fdce_C_Q)         0.478     0.478 r  buildup_i/block_encoder_tilt/U0/up_down_counter_0/U0/int_cnt_reg[2]/Q
                         net (fo=12, routed)          2.166     2.644    led_OBUF[2]
    N16                  OBUF (Prop_obuf_I_O)         3.743     6.387 r  led_OBUF[2]_inst/O
                         net (fo=0)                   0.000     6.387    led[2]
    N16                                                               r  led[2] (OUT)
  -------------------------------------------------------------------    -------------------

Slack:                    inf
  Source:                 buildup_i/block_encoder_tilt/U0/up_down_counter_0/U0/int_cnt_reg[3]/C
                            (rising edge-triggered cell FDCE)
  Destination:            led[3]
                            (output port)
  Path Group:             (none)
  Path Type:              Max at Slow Process Corner
  Data Path Delay:        6.277ns  (logic 4.037ns (64.317%)  route 2.240ns (35.683%))
  Logic Levels:           2  (FDCE=1 OBUF=1)

    Location             Delay type                Incr(ns)  Path(ns)    Netlist Resource(s)
  -------------------------------------------------------------------    -------------------
    SLICE_X111Y90        FDCE                         0.000     0.000 r  buildup_i/block_encoder_tilt/U0/up_down_counter_0/U0/int_cnt_reg[3]/C
    SLICE_X111Y90        FDCE (Prop_fdce_C_Q)         0.456     0.456 r  buildup_i/block_encoder_tilt/U0/up_down_counter_0/U0/int_cnt_reg[3]/Q
                         net (fo=11, routed)          2.240     2.696    led_OBUF[3]
    M14                  OBUF (Prop_obuf_I_O)         3.581     6.277 r  led_OBUF[3]_inst/O
                         net (fo=0)                   0.000     6.277    led[3]
    M14                                                               r  led[3] (OUT)
  -------------------------------------------------------------------    -------------------

Slack:                    inf
  Source:                 buildup_i/spi_sub_0/U0/MISO_reg/G
                            (positive level-sensitive latch)
  Destination:            miso
                            (output port)
  Path Group:             (none)
  Path Type:              Max at Slow Process Corner
  Data Path Delay:        6.116ns  (logic 4.451ns (72.771%)  route 1.665ns (27.229%))
  Logic Levels:           2  (LDCE=1 OBUF=1)

    Location             Delay type                Incr(ns)  Path(ns)    Netlist Resource(s)
  -------------------------------------------------------------------    -------------------
    SLICE_X112Y85        LDCE                         0.000     0.000 r  buildup_i/spi_sub_0/U0/MISO_reg/G
    SLICE_X112Y85        LDCE (EnToQ_ldce_G_Q)        0.829     0.829 r  buildup_i/spi_sub_0/U0/MISO_reg/Q
                         net (fo=1, routed)           1.665     2.494    miso_OBUF
    Y17                  OBUF (Prop_obuf_I_O)         3.622     6.116 r  miso_OBUF_inst/O
                         net (fo=0)                   0.000     6.116    miso
    Y17                                                               r  miso (OUT)
  -------------------------------------------------------------------    -------------------

Slack:                    inf
  Source:                 buildup_i/clock_divider_0/U0/cnt_reg[18]/C
                            (rising edge-triggered cell FDCE)
  Destination:            buildup_i/clock_divider_0/U0/cnt_reg[17]/D
  Path Group:             (none)
  Path Type:              Max at Slow Process Corner
  Data Path Delay:        6.113ns  (logic 2.036ns (33.304%)  route 4.077ns (66.696%))
  Logic Levels:           9  (CARRY4=5 FDCE=1 LUT4=3)

    Location             Delay type                Incr(ns)  Path(ns)    Netlist Resource(s)
  -------------------------------------------------------------------    -------------------
    SLICE_X106Y86        FDCE                         0.000     0.000 r  buildup_i/clock_divider_0/U0/cnt_reg[18]/C
    SLICE_X106Y86        FDCE (Prop_fdce_C_Q)         0.456     0.456 f  buildup_i/clock_divider_0/U0/cnt_reg[18]/Q
                         net (fo=2, routed)           0.970     1.426    buildup_i/clock_divider_0/U0/cnt_reg[18]
    SLICE_X110Y85        LUT4 (Prop_lut4_I1_O)        0.124     1.550 r  buildup_i/clock_divider_0/U0/clk_div_i_6/O
                         net (fo=18, routed)          1.628     3.177    buildup_i/clock_divider_0/U0/clk_div_i_6_n_0
    SLICE_X110Y85        LUT4 (Prop_lut4_I3_O)        0.124     3.301 r  buildup_i/clock_divider_0/U0/clk_div_i_5/O
                         net (fo=22, routed)          1.480     4.781    buildup_i/clock_divider_0/U0/cnt1
    SLICE_X106Y82        LUT4 (Prop_lut4_I3_O)        0.124     4.905 r  buildup_i/clock_divider_0/U0/cnt[0]_i_5/O
                         net (fo=1, routed)           0.000     4.905    buildup_i/clock_divider_0/U0/cnt[0]_i_5_n_0
    SLICE_X106Y82        CARRY4 (Prop_carry4_S[0]_CO[3])
                                                      0.532     5.437 r  buildup_i/clock_divider_0/U0/cnt_reg[0]_i_1/CO[3]
                         net (fo=1, routed)           0.000     5.437    buildup_i/clock_divider_0/U0/cnt_reg[0]_i_1_n_0
    SLICE_X106Y83        CARRY4 (Prop_carry4_CI_CO[3])
                                                      0.114     5.551 r  buildup_i/clock_divider_0/U0/cnt_reg[4]_i_1/CO[3]
                         net (fo=1, routed)           0.000     5.551    buildup_i/clock_divider_0/U0/cnt_reg[4]_i_1_n_0
    SLICE_X106Y84        CARRY4 (Prop_carry4_CI_CO[3])
                                                      0.114     5.665 r  buildup_i/clock_divider_0/U0/cnt_reg[8]_i_1/CO[3]
                         net (fo=1, routed)           0.000     5.665    buildup_i/clock_divider_0/U0/cnt_reg[8]_i_1_n_0
    SLICE_X106Y85        CARRY4 (Prop_carry4_CI_CO[3])
                                                      0.114     5.779 r  buildup_i/clock_divider_0/U0/cnt_reg[12]_i_1/CO[3]
                         net (fo=1, routed)           0.000     5.779    buildup_i/clock_divider_0/U0/cnt_reg[12]_i_1_n_0
    SLICE_X106Y86        CARRY4 (Prop_carry4_CI_O[1])
                                                      0.334     6.113 r  buildup_i/clock_divider_0/U0/cnt_reg[16]_i_1/O[1]
                         net (fo=1, routed)           0.000     6.113    buildup_i/clock_divider_0/U0/cnt_reg[16]_i_1_n_6
    SLICE_X106Y86        FDCE                                         r  buildup_i/clock_divider_0/U0/cnt_reg[17]/D
  -------------------------------------------------------------------    -------------------

Slack:                    inf
  Source:                 buildup_i/clock_divider_0/U0/cnt_reg[18]/C
                            (rising edge-triggered cell FDCE)
  Destination:            buildup_i/clock_divider_0/U0/cnt_reg[19]/D
  Path Group:             (none)
  Path Type:              Max at Slow Process Corner
  Data Path Delay:        6.092ns  (logic 2.015ns (33.074%)  route 4.077ns (66.926%))
  Logic Levels:           9  (CARRY4=5 FDCE=1 LUT4=3)

    Location             Delay type                Incr(ns)  Path(ns)    Netlist Resource(s)
  -------------------------------------------------------------------    -------------------
    SLICE_X106Y86        FDCE                         0.000     0.000 r  buildup_i/clock_divider_0/U0/cnt_reg[18]/C
    SLICE_X106Y86        FDCE (Prop_fdce_C_Q)         0.456     0.456 f  buildup_i/clock_divider_0/U0/cnt_reg[18]/Q
                         net (fo=2, routed)           0.970     1.426    buildup_i/clock_divider_0/U0/cnt_reg[18]
    SLICE_X110Y85        LUT4 (Prop_lut4_I1_O)        0.124     1.550 r  buildup_i/clock_divider_0/U0/clk_div_i_6/O
                         net (fo=18, routed)          1.628     3.177    buildup_i/clock_divider_0/U0/clk_div_i_6_n_0
    SLICE_X110Y85        LUT4 (Prop_lut4_I3_O)        0.124     3.301 r  buildup_i/clock_divider_0/U0/clk_div_i_5/O
                         net (fo=22, routed)          1.480     4.781    buildup_i/clock_divider_0/U0/cnt1
    SLICE_X106Y82        LUT4 (Prop_lut4_I3_O)        0.124     4.905 r  buildup_i/clock_divider_0/U0/cnt[0]_i_5/O
                         net (fo=1, routed)           0.000     4.905    buildup_i/clock_divider_0/U0/cnt[0]_i_5_n_0
    SLICE_X106Y82        CARRY4 (Prop_carry4_S[0]_CO[3])
                                                      0.532     5.437 r  buildup_i/clock_divider_0/U0/cnt_reg[0]_i_1/CO[3]
                         net (fo=1, routed)           0.000     5.437    buildup_i/clock_divider_0/U0/cnt_reg[0]_i_1_n_0
    SLICE_X106Y83        CARRY4 (Prop_carry4_CI_CO[3])
                                                      0.114     5.551 r  buildup_i/clock_divider_0/U0/cnt_reg[4]_i_1/CO[3]
                         net (fo=1, routed)           0.000     5.551    buildup_i/clock_divider_0/U0/cnt_reg[4]_i_1_n_0
    SLICE_X106Y84        CARRY4 (Prop_carry4_CI_CO[3])
                                                      0.114     5.665 r  buildup_i/clock_divider_0/U0/cnt_reg[8]_i_1/CO[3]
                         net (fo=1, routed)           0.000     5.665    buildup_i/clock_divider_0/U0/cnt_reg[8]_i_1_n_0
    SLICE_X106Y85        CARRY4 (Prop_carry4_CI_CO[3])
                                                      0.114     5.779 r  buildup_i/clock_divider_0/U0/cnt_reg[12]_i_1/CO[3]
                         net (fo=1, routed)           0.000     5.779    buildup_i/clock_divider_0/U0/cnt_reg[12]_i_1_n_0
    SLICE_X106Y86        CARRY4 (Prop_carry4_CI_O[3])
                                                      0.313     6.092 r  buildup_i/clock_divider_0/U0/cnt_reg[16]_i_1/O[3]
                         net (fo=1, routed)           0.000     6.092    buildup_i/clock_divider_0/U0/cnt_reg[16]_i_1_n_4
    SLICE_X106Y86        FDCE                                         r  buildup_i/clock_divider_0/U0/cnt_reg[19]/D
  -------------------------------------------------------------------    -------------------

Slack:                    inf
  Source:                 buildup_i/block_encoder_tilt/U0/up_down_counter_0/U0/int_cnt_reg[1]/C
                            (rising edge-triggered cell FDCE)
  Destination:            led[1]
                            (output port)
  Path Group:             (none)
  Path Type:              Max at Slow Process Corner
  Data Path Delay:        6.067ns  (logic 4.075ns (67.178%)  route 1.991ns (32.822%))
  Logic Levels:           2  (FDCE=1 OBUF=1)

    Location             Delay type                Incr(ns)  Path(ns)    Netlist Resource(s)
  -------------------------------------------------------------------    -------------------
    SLICE_X112Y90        FDCE                         0.000     0.000 r  buildup_i/block_encoder_tilt/U0/up_down_counter_0/U0/int_cnt_reg[1]/C
    SLICE_X112Y90        FDCE (Prop_fdce_C_Q)         0.518     0.518 r  buildup_i/block_encoder_tilt/U0/up_down_counter_0/U0/int_cnt_reg[1]/Q
                         net (fo=13, routed)          1.991     2.509    led_OBUF[1]
    P14                  OBUF (Prop_obuf_I_O)         3.557     6.067 r  led_OBUF[1]_inst/O
                         net (fo=0)                   0.000     6.067    led[1]
    P14                                                               r  led[1] (OUT)
  -------------------------------------------------------------------    -------------------





Min Delay Paths
--------------------------------------------------------------------------------------
Slack:                    inf
  Source:                 buildup_i/synchronizer_4/U0/flipflop_reg_reg[0]/C
                            (rising edge-triggered cell FDRE)
  Destination:            buildup_i/synchronizer_4/U0/flipflop_reg_reg[1]/D
  Path Group:             (none)
  Path Type:              Min at Fast Process Corner
  Data Path Delay:        0.197ns  (logic 0.141ns (71.611%)  route 0.056ns (28.389%))
  Logic Levels:           1  (FDRE=1)

    Location             Delay type                Incr(ns)  Path(ns)    Netlist Resource(s)
  -------------------------------------------------------------------    -------------------
    SLICE_X113Y85        FDRE                         0.000     0.000 r  buildup_i/synchronizer_4/U0/flipflop_reg_reg[0]/C
    SLICE_X113Y85        FDRE (Prop_fdre_C_Q)         0.141     0.141 r  buildup_i/synchronizer_4/U0/flipflop_reg_reg[0]/Q
                         net (fo=1, routed)           0.056     0.197    buildup_i/synchronizer_4/U0/flipflop_reg[0]
    SLICE_X113Y85        FDRE                                         r  buildup_i/synchronizer_4/U0/flipflop_reg_reg[1]/D
  -------------------------------------------------------------------    -------------------

Slack:                    inf
  Source:                 buildup_i/synchronizer_0/U0/flipflop_reg_reg[0]/C
                            (rising edge-triggered cell FDRE)
  Destination:            buildup_i/synchronizer_0/U0/flipflop_reg_reg[1]/D
  Path Group:             (none)
  Path Type:              Min at Fast Process Corner
  Data Path Delay:        0.220ns  (logic 0.164ns (74.580%)  route 0.056ns (25.420%))
  Logic Levels:           1  (FDRE=1)

    Location             Delay type                Incr(ns)  Path(ns)    Netlist Resource(s)
  -------------------------------------------------------------------    -------------------
    SLICE_X112Y64        FDRE                         0.000     0.000 r  buildup_i/synchronizer_0/U0/flipflop_reg_reg[0]/C
    SLICE_X112Y64        FDRE (Prop_fdre_C_Q)         0.164     0.164 r  buildup_i/synchronizer_0/U0/flipflop_reg_reg[0]/Q
                         net (fo=1, routed)           0.056     0.220    buildup_i/synchronizer_0/U0/flipflop_reg[0]
    SLICE_X112Y64        FDRE                                         r  buildup_i/synchronizer_0/U0/flipflop_reg_reg[1]/D
  -------------------------------------------------------------------    -------------------

Slack:                    inf
  Source:                 buildup_i/synchronizer_1/U0/flipflop_reg_reg[0]/C
                            (rising edge-triggered cell FDRE)
  Destination:            buildup_i/synchronizer_1/U0/flipflop_reg_reg[1]/D
  Path Group:             (none)
  Path Type:              Min at Fast Process Corner
  Data Path Delay:        0.220ns  (logic 0.164ns (74.580%)  route 0.056ns (25.420%))
  Logic Levels:           1  (FDRE=1)

    Location             Delay type                Incr(ns)  Path(ns)    Netlist Resource(s)
  -------------------------------------------------------------------    -------------------
    SLICE_X112Y64        FDRE                         0.000     0.000 r  buildup_i/synchronizer_1/U0/flipflop_reg_reg[0]/C
    SLICE_X112Y64        FDRE (Prop_fdre_C_Q)         0.164     0.164 r  buildup_i/synchronizer_1/U0/flipflop_reg_reg[0]/Q
                         net (fo=1, routed)           0.056     0.220    buildup_i/synchronizer_1/U0/flipflop_reg[0]
    SLICE_X112Y64        FDRE                                         r  buildup_i/synchronizer_1/U0/flipflop_reg_reg[1]/D
  -------------------------------------------------------------------    -------------------

Slack:                    inf
  Source:                 buildup_i/synchronizer_3/U0/flipflop_reg_reg[0]/C
                            (rising edge-triggered cell FDRE)
  Destination:            buildup_i/synchronizer_3/U0/flipflop_reg_reg[1]/D
  Path Group:             (none)
  Path Type:              Min at Fast Process Corner
  Data Path Delay:        0.220ns  (logic 0.164ns (74.580%)  route 0.056ns (25.420%))
  Logic Levels:           1  (FDRE=1)

    Location             Delay type                Incr(ns)  Path(ns)    Netlist Resource(s)
  -------------------------------------------------------------------    -------------------
    SLICE_X112Y83        FDRE                         0.000     0.000 r  buildup_i/synchronizer_3/U0/flipflop_reg_reg[0]/C
    SLICE_X112Y83        FDRE (Prop_fdre_C_Q)         0.164     0.164 r  buildup_i/synchronizer_3/U0/flipflop_reg_reg[0]/Q
                         net (fo=1, routed)           0.056     0.220    buildup_i/synchronizer_3/U0/flipflop_reg[0]
    SLICE_X112Y83        FDRE                                         r  buildup_i/synchronizer_3/U0/flipflop_reg_reg[1]/D
  -------------------------------------------------------------------    -------------------

Slack:                    inf
  Source:                 buildup_i/synchronizer_5/U0/flipflop_reg_reg[0]/C
                            (rising edge-triggered cell FDRE)
  Destination:            buildup_i/synchronizer_5/U0/flipflop_reg_reg[1]/D
  Path Group:             (none)
  Path Type:              Min at Fast Process Corner
  Data Path Delay:        0.220ns  (logic 0.164ns (74.580%)  route 0.056ns (25.420%))
  Logic Levels:           1  (FDRE=1)

    Location             Delay type                Incr(ns)  Path(ns)    Netlist Resource(s)
  -------------------------------------------------------------------    -------------------
    SLICE_X112Y71        FDRE                         0.000     0.000 r  buildup_i/synchronizer_5/U0/flipflop_reg_reg[0]/C
    SLICE_X112Y71        FDRE (Prop_fdre_C_Q)         0.164     0.164 r  buildup_i/synchronizer_5/U0/flipflop_reg_reg[0]/Q
                         net (fo=1, routed)           0.056     0.220    buildup_i/synchronizer_5/U0/flipflop_reg[0]
    SLICE_X112Y71        FDRE                                         r  buildup_i/synchronizer_5/U0/flipflop_reg_reg[1]/D
  -------------------------------------------------------------------    -------------------

Slack:                    inf
  Source:                 buildup_i/synchronizer_6/U0/flipflop_reg_reg[0]/C
                            (rising edge-triggered cell FDRE)
  Destination:            buildup_i/synchronizer_6/U0/flipflop_reg_reg[1]/D
  Path Group:             (none)
  Path Type:              Min at Fast Process Corner
  Data Path Delay:        0.220ns  (logic 0.164ns (74.580%)  route 0.056ns (25.420%))
  Logic Levels:           1  (FDRE=1)

    Location             Delay type                Incr(ns)  Path(ns)    Netlist Resource(s)
  -------------------------------------------------------------------    -------------------
    SLICE_X112Y95        FDRE                         0.000     0.000 r  buildup_i/synchronizer_6/U0/flipflop_reg_reg[0]/C
    SLICE_X112Y95        FDRE (Prop_fdre_C_Q)         0.164     0.164 r  buildup_i/synchronizer_6/U0/flipflop_reg_reg[0]/Q
                         net (fo=1, routed)           0.056     0.220    buildup_i/synchronizer_6/U0/flipflop_reg[0]
    SLICE_X112Y95        FDRE                                         r  buildup_i/synchronizer_6/U0/flipflop_reg_reg[1]/D
  -------------------------------------------------------------------    -------------------

Slack:                    inf
  Source:                 buildup_i/synchronizer_7/U0/flipflop_reg_reg[0]/C
                            (rising edge-triggered cell FDRE)
  Destination:            buildup_i/synchronizer_7/U0/flipflop_reg_reg[1]/D
  Path Group:             (none)
  Path Type:              Min at Fast Process Corner
  Data Path Delay:        0.220ns  (logic 0.164ns (74.580%)  route 0.056ns (25.420%))
  Logic Levels:           1  (FDRE=1)

    Location             Delay type                Incr(ns)  Path(ns)    Netlist Resource(s)
  -------------------------------------------------------------------    -------------------
    SLICE_X112Y91        FDRE                         0.000     0.000 r  buildup_i/synchronizer_7/U0/flipflop_reg_reg[0]/C
    SLICE_X112Y91        FDRE (Prop_fdre_C_Q)         0.164     0.164 r  buildup_i/synchronizer_7/U0/flipflop_reg_reg[0]/Q
                         net (fo=1, routed)           0.056     0.220    buildup_i/synchronizer_7/U0/flipflop_reg[0]
    SLICE_X112Y91        FDRE                                         r  buildup_i/synchronizer_7/U0/flipflop_reg_reg[1]/D
  -------------------------------------------------------------------    -------------------

Slack:                    inf
  Source:                 buildup_i/synchronizer_8/U0/flipflop_reg_reg[0]/C
                            (rising edge-triggered cell FDRE)
  Destination:            buildup_i/synchronizer_8/U0/flipflop_reg_reg[1]/D
  Path Group:             (none)
  Path Type:              Min at Fast Process Corner
  Data Path Delay:        0.220ns  (logic 0.164ns (74.580%)  route 0.056ns (25.420%))
  Logic Levels:           1  (FDRE=1)

    Location             Delay type                Incr(ns)  Path(ns)    Netlist Resource(s)
  -------------------------------------------------------------------    -------------------
    SLICE_X112Y71        FDRE                         0.000     0.000 r  buildup_i/synchronizer_8/U0/flipflop_reg_reg[0]/C
    SLICE_X112Y71        FDRE (Prop_fdre_C_Q)         0.164     0.164 r  buildup_i/synchronizer_8/U0/flipflop_reg_reg[0]/Q
                         net (fo=1, routed)           0.056     0.220    buildup_i/synchronizer_8/U0/flipflop_reg[0]
    SLICE_X112Y71        FDRE                                         r  buildup_i/synchronizer_8/U0/flipflop_reg_reg[1]/D
  -------------------------------------------------------------------    -------------------

Slack:                    inf
  Source:                 buildup_i/synchronizer_9/U0/flipflop_reg_reg[0]/C
                            (rising edge-triggered cell FDRE)
  Destination:            buildup_i/synchronizer_9/U0/flipflop_reg_reg[1]/D
  Path Group:             (none)
  Path Type:              Min at Fast Process Corner
  Data Path Delay:        0.220ns  (logic 0.164ns (74.580%)  route 0.056ns (25.420%))
  Logic Levels:           1  (FDRE=1)

    Location             Delay type                Incr(ns)  Path(ns)    Netlist Resource(s)
  -------------------------------------------------------------------    -------------------
    SLICE_X112Y78        FDRE                         0.000     0.000 r  buildup_i/synchronizer_9/U0/flipflop_reg_reg[0]/C
    SLICE_X112Y78        FDRE (Prop_fdre_C_Q)         0.164     0.164 r  buildup_i/synchronizer_9/U0/flipflop_reg_reg[0]/Q
                         net (fo=1, routed)           0.056     0.220    buildup_i/synchronizer_9/U0/flipflop_reg[0]
    SLICE_X112Y78        FDRE                                         r  buildup_i/synchronizer_9/U0/flipflop_reg_reg[1]/D
  -------------------------------------------------------------------    -------------------

Slack:                    inf
  Source:                 buildup_i/spi_sub_0/U0/bit_counter_reg[8]/C
                            (rising edge-triggered cell FDRE)
  Destination:            buildup_i/spi_sub_0/U0/bit_counter_reg[9]/D
  Path Group:             (none)
  Path Type:              Min at Fast Process Corner
  Data Path Delay:        0.244ns  (logic 0.128ns (52.387%)  route 0.116ns (47.613%))
  Logic Levels:           1  (FDRE=1)

    Location             Delay type                Incr(ns)  Path(ns)    Netlist Resource(s)
  -------------------------------------------------------------------    -------------------
    SLICE_X110Y85        FDRE                         0.000     0.000 r  buildup_i/spi_sub_0/U0/bit_counter_reg[8]/C
    SLICE_X110Y85        FDRE (Prop_fdre_C_Q)         0.128     0.128 r  buildup_i/spi_sub_0/U0/bit_counter_reg[8]/Q
                         net (fo=1, routed)           0.116     0.244    buildup_i/spi_sub_0/U0/in7[9]
    SLICE_X110Y85        FDRE                                         r  buildup_i/spi_sub_0/U0/bit_counter_reg[9]/D
  -------------------------------------------------------------------    -------------------





